{"C:\\Users\\ednil\\Downloads\\Web Services\\note-capture\\note-capture\\app.js": {"path":"C:\\Users\\ednil\\Downloads\\Web Services\\note-capture\\note-capture\\app.js","statementMap":{"0":{"start":{"line":1,"column":15},"end":{"line":1,"column":32}},"1":{"start":{"line":2,"column":0},"end":{"line":2,"column":16}},"2":{"start":{"line":3,"column":19},"end":{"line":3,"column":41}},"3":{"start":{"line":4,"column":16},"end":{"line":4,"column":39}},"4":{"start":{"line":5,"column":16},"end":{"line":5,"column":34}},"5":{"start":{"line":6,"column":13},"end":{"line":6,"column":28}},"6":{"start":{"line":7,"column":13},"end":{"line":7,"column":37}},"7":{"start":{"line":8,"column":18},"end":{"line":8,"column":47}},"8":{"start":{"line":9,"column":24},"end":{"line":9,"column":49}},"9":{"start":{"line":11,"column":16},"end":{"line":11,"column":42}},"10":{"start":{"line":12,"column":17},"end":{"line":12,"column":36}},"11":{"start":{"line":13,"column":30},"end":{"line":13,"column":64}},"12":{"start":{"line":14,"column":17},"end":{"line":14,"column":36}},"13":{"start":{"line":15,"column":21},"end":{"line":15,"column":53}},"14":{"start":{"line":16,"column":13},"end":{"line":16,"column":33}},"15":{"start":{"line":17,"column":23},"end":{"line":17,"column":66}},"16":{"start":{"line":18,"column":12},"end":{"line":18,"column":21}},"17":{"start":{"line":20,"column":13},"end":{"line":20,"column":28}},"18":{"start":{"line":22,"column":0},"end":{"line":28,"column":2}},"19":{"start":{"line":30,"column":0},"end":{"line":30,"column":31}},"20":{"start":{"line":31,"column":0},"end":{"line":31,"column":28}},"21":{"start":{"line":34,"column":0},"end":{"line":37,"column":3}},"22":{"start":{"line":35,"column":2},"end":{"line":35,"column":40}},"23":{"start":{"line":36,"column":2},"end":{"line":36,"column":22}},"24":{"start":{"line":40,"column":0},"end":{"line":49,"column":3}},"25":{"start":{"line":41,"column":2},"end":{"line":41,"column":40}},"26":{"start":{"line":42,"column":2},"end":{"line":48,"column":7}},"27":{"start":{"line":44,"column":6},"end":{"line":44,"column":23}},"28":{"start":{"line":47,"column":6},"end":{"line":47,"column":22}},"29":{"start":{"line":51,"column":0},"end":{"line":70,"column":2}},"30":{"start":{"line":61,"column":6},"end":{"line":67,"column":8}},"31":{"start":{"line":64,"column":10},"end":{"line":64,"column":44}},"32":{"start":{"line":65,"column":10},"end":{"line":65,"column":31}},"33":{"start":{"line":72,"column":0},"end":{"line":75,"column":3}},"34":{"start":{"line":73,"column":2},"end":{"line":73,"column":34}},"35":{"start":{"line":74,"column":2},"end":{"line":74,"column":68}},"36":{"start":{"line":77,"column":0},"end":{"line":86,"column":2}},"37":{"start":{"line":83,"column":4},"end":{"line":83,"column":63}},"38":{"start":{"line":84,"column":4},"end":{"line":84,"column":35}},"39":{"start":{"line":89,"column":0},"end":{"line":92,"column":3}},"40":{"start":{"line":91,"column":2},"end":{"line":91,"column":75}},"41":{"start":{"line":94,"column":0},"end":{"line":105,"column":33}},"42":{"start":{"line":101,"column":4},"end":{"line":101,"column":54}},"43":{"start":{"line":102,"column":4},"end":{"line":102,"column":73}},"44":{"start":{"line":103,"column":4},"end":{"line":103,"column":11}},"45":{"start":{"line":107,"column":0},"end":{"line":114,"column":3}},"46":{"start":{"line":108,"column":2},"end":{"line":113,"column":3}},"47":{"start":{"line":109,"column":4},"end":{"line":109,"column":21}},"48":{"start":{"line":111,"column":4},"end":{"line":111,"column":21}},"49":{"start":{"line":112,"column":4},"end":{"line":112,"column":60}},"50":{"start":{"line":116,"column":0},"end":{"line":118,"column":3}},"51":{"start":{"line":117,"column":2},"end":{"line":117,"column":62}},"52":{"start":{"line":120,"column":0},"end":{"line":120,"column":21}}},"fnMap":{"0":{"name":"(anonymous_0)","decl":{"start":{"line":34,"column":23},"end":{"line":34,"column":24}},"loc":{"start":{"line":34,"column":39},"end":{"line":37,"column":1}},"line":34},"1":{"name":"(anonymous_1)","decl":{"start":{"line":40,"column":25},"end":{"line":40,"column":26}},"loc":{"start":{"line":40,"column":39},"end":{"line":49,"column":1}},"line":40},"2":{"name":"(anonymous_2)","decl":{"start":{"line":43,"column":10},"end":{"line":43,"column":11}},"loc":{"start":{"line":43,"column":20},"end":{"line":45,"column":5}},"line":43},"3":{"name":"(anonymous_3)","decl":{"start":{"line":46,"column":11},"end":{"line":46,"column":12}},"loc":{"start":{"line":46,"column":20},"end":{"line":48,"column":5}},"line":46},"4":{"name":"(anonymous_4)","decl":{"start":{"line":60,"column":4},"end":{"line":60,"column":5}},"loc":{"start":{"line":60,"column":54},"end":{"line":68,"column":5}},"line":60},"5":{"name":"(anonymous_5)","decl":{"start":{"line":63,"column":8},"end":{"line":63,"column":9}},"loc":{"start":{"line":63,"column":29},"end":{"line":66,"column":9}},"line":63},"6":{"name":"(anonymous_6)","decl":{"start":{"line":72,"column":24},"end":{"line":72,"column":25}},"loc":{"start":{"line":72,"column":38},"end":{"line":75,"column":1}},"line":72},"7":{"name":"(anonymous_7)","decl":{"start":{"line":82,"column":2},"end":{"line":82,"column":3}},"loc":{"start":{"line":82,"column":22},"end":{"line":85,"column":3}},"line":82},"8":{"name":"(anonymous_8)","decl":{"start":{"line":89,"column":20},"end":{"line":89,"column":21}},"loc":{"start":{"line":89,"column":34},"end":{"line":92,"column":1}},"line":89},"9":{"name":"(anonymous_9)","decl":{"start":{"line":100,"column":7},"end":{"line":100,"column":8}},"loc":{"start":{"line":100,"column":27},"end":{"line":104,"column":3}},"line":100},"10":{"name":"(anonymous_10)","decl":{"start":{"line":107,"column":15},"end":{"line":107,"column":16}},"loc":{"start":{"line":107,"column":33},"end":{"line":114,"column":1}},"line":107},"11":{"name":"(anonymous_11)","decl":{"start":{"line":116,"column":17},"end":{"line":116,"column":18}},"loc":{"start":{"line":116,"column":23},"end":{"line":118,"column":1}},"line":116}},"branchMap":{"0":{"loc":{"start":{"line":7,"column":13},"end":{"line":7,"column":37}},"type":"binary-expr","locations":[{"start":{"line":7,"column":13},"end":{"line":7,"column":29}},{"start":{"line":7,"column":33},"end":{"line":7,"column":37}}],"line":7},"1":{"loc":{"start":{"line":108,"column":2},"end":{"line":113,"column":3}},"type":"if","locations":[{"start":{"line":108,"column":2},"end":{"line":113,"column":3}},{"start":{"line":110,"column":9},"end":{"line":113,"column":3}}],"line":108}},"s":{"0":1,"1":1,"2":1,"3":1,"4":1,"5":1,"6":1,"7":1,"8":1,"9":1,"10":1,"11":1,"12":1,"13":1,"14":1,"15":1,"16":1,"17":1,"18":1,"19":1,"20":1,"21":1,"22":0,"23":0,"24":1,"25":0,"26":0,"27":0,"28":0,"29":1,"30":0,"31":0,"32":0,"33":1,"34":0,"35":0,"36":1,"37":0,"38":0,"39":1,"40":0,"41":1,"42":0,"43":0,"44":0,"45":1,"46":1,"47":0,"48":1,"49":1,"50":1,"51":1,"52":1},"f":{"0":0,"1":0,"2":0,"3":0,"4":0,"5":0,"6":0,"7":0,"8":0,"9":0,"10":1,"11":1},"b":{"0":[1,1],"1":[0,1]},"_coverageSchema":"1a1c01bbd47fc00a2c39e90264f33305004495a9","hash":"fc5c1e95cdb818683963447787a2a77f5651e116"}
,"C:\\Users\\ednil\\Downloads\\Web Services\\note-capture\\note-capture\\controllers\\notes.js": {"path":"C:\\Users\\ednil\\Downloads\\Web Services\\note-capture\\note-capture\\controllers\\notes.js","statementMap":{"0":{"start":{"line":1,"column":16},"end":{"line":1,"column":40}},"1":{"start":{"line":2,"column":17},"end":{"line":2,"column":44}},"2":{"start":{"line":3,"column":23},"end":{"line":3,"column":53}},"3":{"start":{"line":4,"column":19},"end":{"line":4,"column":48}},"4":{"start":{"line":5,"column":17},"end":{"line":13,"column":1}},"5":{"start":{"line":6,"column":19},"end":{"line":6,"column":36}},"6":{"start":{"line":7,"column":13},"end":{"line":7,"column":34}},"7":{"start":{"line":8,"column":17},"end":{"line":8,"column":69}},"8":{"start":{"line":9,"column":2},"end":{"line":12,"column":5}},"9":{"start":{"line":10,"column":4},"end":{"line":10,"column":54}},"10":{"start":{"line":11,"column":4},"end":{"line":11,"column":32}},"11":{"start":{"line":15,"column":16},"end":{"line":34,"column":1}},"12":{"start":{"line":16,"column":17},"end":{"line":16,"column":44}},"13":{"start":{"line":17,"column":19},"end":{"line":17,"column":36}},"14":{"start":{"line":18,"column":13},"end":{"line":18,"column":34}},"15":{"start":{"line":19,"column":2},"end":{"line":32,"column":3}},"16":{"start":{"line":20,"column":19},"end":{"line":20,"column":84}},"17":{"start":{"line":21,"column":4},"end":{"line":24,"column":7}},"18":{"start":{"line":22,"column":6},"end":{"line":22,"column":56}},"19":{"start":{"line":23,"column":6},"end":{"line":23,"column":37}},"20":{"start":{"line":26,"column":4},"end":{"line":29,"column":5}},"21":{"start":{"line":27,"column":6},"end":{"line":27,"column":74}},"22":{"start":{"line":28,"column":6},"end":{"line":28,"column":13}},"23":{"start":{"line":31,"column":4},"end":{"line":31,"column":96}},"24":{"start":{"line":36,"column":19},"end":{"line":70,"column":1}},"25":{"start":{"line":37,"column":13},"end":{"line":37,"column":34}},"26":{"start":{"line":40,"column":19},"end":{"line":42,"column":25}},"27":{"start":{"line":45,"column":2},"end":{"line":49,"column":4}},"28":{"start":{"line":47,"column":6},"end":{"line":47,"column":42}},"29":{"start":{"line":51,"column":15},"end":{"line":59,"column":3}},"30":{"start":{"line":61,"column":19},"end":{"line":61,"column":68}},"31":{"start":{"line":63,"column":2},"end":{"line":69,"column":3}},"32":{"start":{"line":64,"column":4},"end":{"line":64,"column":35}},"33":{"start":{"line":66,"column":4},"end":{"line":68,"column":79}},"34":{"start":{"line":72,"column":29},"end":{"line":82,"column":1}},"35":{"start":{"line":73,"column":22},"end":{"line":76,"column":31}},"36":{"start":{"line":78,"column":2},"end":{"line":81,"column":3}},"37":{"start":{"line":79,"column":19},"end":{"line":79,"column":36}},"38":{"start":{"line":80,"column":4},"end":{"line":80,"column":55}},"39":{"start":{"line":85,"column":19},"end":{"line":108,"column":1}},"40":{"start":{"line":86,"column":13},"end":{"line":86,"column":34}},"41":{"start":{"line":87,"column":17},"end":{"line":87,"column":44}},"42":{"start":{"line":88,"column":15},"end":{"line":95,"column":3}},"43":{"start":{"line":96,"column":19},"end":{"line":99,"column":38}},"44":{"start":{"line":100,"column":2},"end":{"line":100,"column":24}},"45":{"start":{"line":101,"column":2},"end":{"line":107,"column":3}},"46":{"start":{"line":102,"column":4},"end":{"line":102,"column":27}},"47":{"start":{"line":104,"column":4},"end":{"line":106,"column":78}},"48":{"start":{"line":110,"column":19},"end":{"line":127,"column":1}},"49":{"start":{"line":111,"column":17},"end":{"line":111,"column":44}},"50":{"start":{"line":112,"column":13},"end":{"line":112,"column":34}},"51":{"start":{"line":114,"column":2},"end":{"line":126,"column":3}},"52":{"start":{"line":115,"column":25},"end":{"line":115,"column":97}},"53":{"start":{"line":117,"column":4},"end":{"line":120,"column":5}},"54":{"start":{"line":118,"column":6},"end":{"line":118,"column":74}},"55":{"start":{"line":119,"column":6},"end":{"line":119,"column":13}},"56":{"start":{"line":122,"column":3},"end":{"line":122,"column":44}},"57":{"start":{"line":123,"column":3},"end":{"line":123,"column":70}},"58":{"start":{"line":125,"column":4},"end":{"line":125,"column":96}},"59":{"start":{"line":129,"column":18},"end":{"line":138,"column":1}},"60":{"start":{"line":130,"column":18},"end":{"line":130,"column":36}},"61":{"start":{"line":131,"column":13},"end":{"line":131,"column":34}},"62":{"start":{"line":132,"column":17},"end":{"line":132,"column":78}},"63":{"start":{"line":134,"column":2},"end":{"line":137,"column":5}},"64":{"start":{"line":135,"column":4},"end":{"line":135,"column":54}},"65":{"start":{"line":136,"column":4},"end":{"line":136,"column":32}},"66":{"start":{"line":140,"column":21},"end":{"line":182,"column":1}},"67":{"start":{"line":141,"column":17},"end":{"line":141,"column":48}},"68":{"start":{"line":142,"column":17},"end":{"line":142,"column":32}},"69":{"start":{"line":143,"column":2},"end":{"line":143,"column":22}},"70":{"start":{"line":145,"column":2},"end":{"line":148,"column":3}},"71":{"start":{"line":146,"column":4},"end":{"line":146,"column":59}},"72":{"start":{"line":147,"column":4},"end":{"line":147,"column":11}},"73":{"start":{"line":150,"column":13},"end":{"line":150,"column":34}},"74":{"start":{"line":151,"column":23},"end":{"line":154,"column":29}},"75":{"start":{"line":156,"column":2},"end":{"line":159,"column":3}},"76":{"start":{"line":157,"column":4},"end":{"line":157,"column":72}},"77":{"start":{"line":158,"column":4},"end":{"line":158,"column":11}},"78":{"start":{"line":161,"column":2},"end":{"line":161,"column":41}},"79":{"start":{"line":163,"column":26},"end":{"line":165,"column":29}},"80":{"start":{"line":166,"column":2},"end":{"line":166,"column":31}},"81":{"start":{"line":168,"column":19},"end":{"line":171,"column":72}},"82":{"start":{"line":173,"column":2},"end":{"line":181,"column":3}},"83":{"start":{"line":174,"column":4},"end":{"line":176,"column":76}},"84":{"start":{"line":178,"column":4},"end":{"line":180,"column":80}},"85":{"start":{"line":183,"column":19},"end":{"line":199,"column":1}},"86":{"start":{"line":184,"column":15},"end":{"line":188,"column":3}},"87":{"start":{"line":189,"column":13},"end":{"line":189,"column":34}},"88":{"start":{"line":190,"column":19},"end":{"line":190,"column":68}},"89":{"start":{"line":191,"column":2},"end":{"line":198,"column":3}},"90":{"start":{"line":192,"column":4},"end":{"line":192,"column":71}},"91":{"start":{"line":194,"column":4},"end":{"line":196,"column":78}},"92":{"start":{"line":197,"column":4},"end":{"line":197,"column":25}},"93":{"start":{"line":201,"column":0},"end":{"line":210,"column":2}}},"fnMap":{"0":{"name":"(anonymous_0)","decl":{"start":{"line":5,"column":17},"end":{"line":5,"column":18}},"loc":{"start":{"line":5,"column":37},"end":{"line":13,"column":1}},"line":5},"1":{"name":"(anonymous_1)","decl":{"start":{"line":9,"column":24},"end":{"line":9,"column":25}},"loc":{"start":{"line":9,"column":35},"end":{"line":12,"column":3}},"line":9},"2":{"name":"(anonymous_2)","decl":{"start":{"line":15,"column":16},"end":{"line":15,"column":17}},"loc":{"start":{"line":15,"column":36},"end":{"line":34,"column":1}},"line":15},"3":{"name":"(anonymous_3)","decl":{"start":{"line":21,"column":26},"end":{"line":21,"column":27}},"loc":{"start":{"line":21,"column":37},"end":{"line":24,"column":5}},"line":21},"4":{"name":"(anonymous_4)","decl":{"start":{"line":36,"column":19},"end":{"line":36,"column":20}},"loc":{"start":{"line":36,"column":39},"end":{"line":70,"column":1}},"line":36},"5":{"name":"(anonymous_5)","decl":{"start":{"line":46,"column":17},"end":{"line":46,"column":18}},"loc":{"start":{"line":46,"column":32},"end":{"line":48,"column":5}},"line":46},"6":{"name":"(anonymous_6)","decl":{"start":{"line":72,"column":29},"end":{"line":72,"column":30}},"loc":{"start":{"line":72,"column":52},"end":{"line":82,"column":1}},"line":72},"7":{"name":"(anonymous_7)","decl":{"start":{"line":85,"column":19},"end":{"line":85,"column":20}},"loc":{"start":{"line":85,"column":39},"end":{"line":108,"column":1}},"line":85},"8":{"name":"(anonymous_8)","decl":{"start":{"line":110,"column":19},"end":{"line":110,"column":20}},"loc":{"start":{"line":110,"column":39},"end":{"line":127,"column":1}},"line":110},"9":{"name":"(anonymous_9)","decl":{"start":{"line":129,"column":18},"end":{"line":129,"column":19}},"loc":{"start":{"line":129,"column":38},"end":{"line":138,"column":1}},"line":129},"10":{"name":"(anonymous_10)","decl":{"start":{"line":134,"column":24},"end":{"line":134,"column":25}},"loc":{"start":{"line":134,"column":35},"end":{"line":137,"column":3}},"line":134},"11":{"name":"(anonymous_11)","decl":{"start":{"line":140,"column":21},"end":{"line":140,"column":22}},"loc":{"start":{"line":140,"column":41},"end":{"line":182,"column":1}},"line":140},"12":{"name":"(anonymous_12)","decl":{"start":{"line":183,"column":19},"end":{"line":183,"column":20}},"loc":{"start":{"line":183,"column":39},"end":{"line":199,"column":1}},"line":183}},"branchMap":{"0":{"loc":{"start":{"line":26,"column":4},"end":{"line":29,"column":5}},"type":"if","locations":[{"start":{"line":26,"column":4},"end":{"line":29,"column":5}},{"start":{},"end":{}}],"line":26},"1":{"loc":{"start":{"line":40,"column":19},"end":{"line":42,"column":25}},"type":"cond-expr","locations":[{"start":{"line":41,"column":6},"end":{"line":41,"column":23}},{"start":{"line":42,"column":6},"end":{"line":42,"column":25}}],"line":40},"2":{"loc":{"start":{"line":63,"column":2},"end":{"line":69,"column":3}},"type":"if","locations":[{"start":{"line":63,"column":2},"end":{"line":69,"column":3}},{"start":{"line":65,"column":9},"end":{"line":69,"column":3}}],"line":63},"3":{"loc":{"start":{"line":68,"column":12},"end":{"line":68,"column":77}},"type":"binary-expr","locations":[{"start":{"line":68,"column":12},"end":{"line":68,"column":26}},{"start":{"line":68,"column":30},"end":{"line":68,"column":77}}],"line":68},"4":{"loc":{"start":{"line":78,"column":2},"end":{"line":81,"column":3}},"type":"if","locations":[{"start":{"line":78,"column":2},"end":{"line":81,"column":3}},{"start":{},"end":{}}],"line":78},"5":{"loc":{"start":{"line":101,"column":2},"end":{"line":107,"column":3}},"type":"if","locations":[{"start":{"line":101,"column":2},"end":{"line":107,"column":3}},{"start":{"line":103,"column":9},"end":{"line":107,"column":3}}],"line":101},"6":{"loc":{"start":{"line":106,"column":12},"end":{"line":106,"column":76}},"type":"binary-expr","locations":[{"start":{"line":106,"column":12},"end":{"line":106,"column":26}},{"start":{"line":106,"column":30},"end":{"line":106,"column":76}}],"line":106},"7":{"loc":{"start":{"line":117,"column":4},"end":{"line":120,"column":5}},"type":"if","locations":[{"start":{"line":117,"column":4},"end":{"line":120,"column":5}},{"start":{},"end":{}}],"line":117},"8":{"loc":{"start":{"line":145,"column":2},"end":{"line":148,"column":3}},"type":"if","locations":[{"start":{"line":145,"column":2},"end":{"line":148,"column":3}},{"start":{},"end":{}}],"line":145},"9":{"loc":{"start":{"line":156,"column":2},"end":{"line":159,"column":3}},"type":"if","locations":[{"start":{"line":156,"column":2},"end":{"line":159,"column":3}},{"start":{},"end":{}}],"line":156},"10":{"loc":{"start":{"line":163,"column":26},"end":{"line":165,"column":29}},"type":"cond-expr","locations":[{"start":{"line":164,"column":6},"end":{"line":164,"column":27}},{"start":{"line":165,"column":6},"end":{"line":165,"column":29}}],"line":163},"11":{"loc":{"start":{"line":173,"column":2},"end":{"line":181,"column":3}},"type":"if","locations":[{"start":{"line":173,"column":2},"end":{"line":181,"column":3}},{"start":{"line":177,"column":9},"end":{"line":181,"column":3}}],"line":173},"12":{"loc":{"start":{"line":180,"column":12},"end":{"line":180,"column":78}},"type":"binary-expr","locations":[{"start":{"line":180,"column":12},"end":{"line":180,"column":26}},{"start":{"line":180,"column":30},"end":{"line":180,"column":78}}],"line":180},"13":{"loc":{"start":{"line":191,"column":2},"end":{"line":198,"column":3}},"type":"if","locations":[{"start":{"line":191,"column":2},"end":{"line":198,"column":3}},{"start":{"line":193,"column":9},"end":{"line":198,"column":3}}],"line":191},"14":{"loc":{"start":{"line":196,"column":12},"end":{"line":196,"column":76}},"type":"binary-expr","locations":[{"start":{"line":196,"column":12},"end":{"line":196,"column":26}},{"start":{"line":196,"column":30},"end":{"line":196,"column":76}}],"line":196}},"s":{"0":1,"1":1,"2":1,"3":1,"4":1,"5":0,"6":0,"7":0,"8":0,"9":0,"10":0,"11":1,"12":0,"13":0,"14":0,"15":0,"16":0,"17":0,"18":0,"19":0,"20":0,"21":0,"22":0,"23":0,"24":1,"25":0,"26":0,"27":0,"28":0,"29":0,"30":0,"31":0,"32":0,"33":0,"34":1,"35":0,"36":0,"37":0,"38":0,"39":1,"40":0,"41":0,"42":0,"43":0,"44":0,"45":0,"46":0,"47":0,"48":1,"49":0,"50":0,"51":0,"52":0,"53":0,"54":0,"55":0,"56":0,"57":0,"58":0,"59":1,"60":0,"61":0,"62":0,"63":0,"64":0,"65":0,"66":1,"67":0,"68":0,"69":0,"70":0,"71":0,"72":0,"73":0,"74":0,"75":0,"76":0,"77":0,"78":0,"79":0,"80":0,"81":0,"82":0,"83":0,"84":0,"85":1,"86":0,"87":0,"88":0,"89":0,"90":0,"91":0,"92":0,"93":1},"f":{"0":0,"1":0,"2":0,"3":0,"4":0,"5":0,"6":0,"7":0,"8":0,"9":0,"10":0,"11":0,"12":0},"b":{"0":[0,0],"1":[0,0],"2":[0,0],"3":[0,0],"4":[0,0],"5":[0,0],"6":[0,0],"7":[0,0],"8":[0,0],"9":[0,0],"10":[0,0],"11":[0,0],"12":[0,0],"13":[0,0],"14":[0,0]},"_coverageSchema":"1a1c01bbd47fc00a2c39e90264f33305004495a9","hash":"5c75be91d861d99f352b67f768c1fa1d94214d71"}
,"C:\\Users\\ednil\\Downloads\\Web Services\\note-capture\\note-capture\\controllers\\tags.js": {"path":"C:\\Users\\ednil\\Downloads\\Web Services\\note-capture\\note-capture\\controllers\\tags.js","statementMap":{"0":{"start":{"line":1,"column":16},"end":{"line":1,"column":40}},"1":{"start":{"line":2,"column":17},"end":{"line":2,"column":44}},"2":{"start":{"line":4,"column":16},"end":{"line":11,"column":1}},"3":{"start":{"line":5,"column":13},"end":{"line":5,"column":34}},"4":{"start":{"line":6,"column":17},"end":{"line":6,"column":56}},"5":{"start":{"line":7,"column":2},"end":{"line":10,"column":5}},"6":{"start":{"line":8,"column":4},"end":{"line":8,"column":54}},"7":{"start":{"line":9,"column":4},"end":{"line":9,"column":31}},"8":{"start":{"line":13,"column":15},"end":{"line":21,"column":1}},"9":{"start":{"line":14,"column":18},"end":{"line":14,"column":36}},"10":{"start":{"line":15,"column":13},"end":{"line":15,"column":34}},"11":{"start":{"line":16,"column":17},"end":{"line":16,"column":78}},"12":{"start":{"line":18,"column":2},"end":{"line":20,"column":5}},"13":{"start":{"line":19,"column":4},"end":{"line":19,"column":32}},"14":{"start":{"line":22,"column":18},"end":{"line":39,"column":1}},"15":{"start":{"line":23,"column":13},"end":{"line":23,"column":34}},"16":{"start":{"line":24,"column":14},"end":{"line":26,"column":3}},"17":{"start":{"line":28,"column":19},"end":{"line":28,"column":66}},"18":{"start":{"line":30,"column":2},"end":{"line":38,"column":3}},"19":{"start":{"line":31,"column":4},"end":{"line":31,"column":35}},"20":{"start":{"line":33,"column":4},"end":{"line":37,"column":8}},"21":{"start":{"line":41,"column":18},"end":{"line":62,"column":1}},"22":{"start":{"line":42,"column":16},"end":{"line":42,"column":46}},"23":{"start":{"line":43,"column":13},"end":{"line":43,"column":34}},"24":{"start":{"line":44,"column":14},"end":{"line":46,"column":3}},"25":{"start":{"line":48,"column":19},"end":{"line":51,"column":36}},"26":{"start":{"line":53,"column":2},"end":{"line":61,"column":3}},"27":{"start":{"line":54,"column":4},"end":{"line":54,"column":27}},"28":{"start":{"line":56,"column":4},"end":{"line":60,"column":8}},"29":{"start":{"line":64,"column":18},"end":{"line":78,"column":1}},"30":{"start":{"line":65,"column":16},"end":{"line":65,"column":46}},"31":{"start":{"line":66,"column":13},"end":{"line":66,"column":34}},"32":{"start":{"line":67,"column":19},"end":{"line":67,"column":77}},"33":{"start":{"line":69,"column":2},"end":{"line":77,"column":3}},"34":{"start":{"line":70,"column":4},"end":{"line":70,"column":27}},"35":{"start":{"line":72,"column":4},"end":{"line":76,"column":8}},"36":{"start":{"line":80,"column":0},"end":{"line":80,"column":70}}},"fnMap":{"0":{"name":"(anonymous_0)","decl":{"start":{"line":4,"column":16},"end":{"line":4,"column":17}},"loc":{"start":{"line":4,"column":36},"end":{"line":11,"column":1}},"line":4},"1":{"name":"(anonymous_1)","decl":{"start":{"line":7,"column":24},"end":{"line":7,"column":25}},"loc":{"start":{"line":7,"column":34},"end":{"line":10,"column":3}},"line":7},"2":{"name":"(anonymous_2)","decl":{"start":{"line":13,"column":15},"end":{"line":13,"column":16}},"loc":{"start":{"line":13,"column":35},"end":{"line":21,"column":1}},"line":13},"3":{"name":"(anonymous_3)","decl":{"start":{"line":18,"column":24},"end":{"line":18,"column":25}},"loc":{"start":{"line":18,"column":35},"end":{"line":20,"column":3}},"line":18},"4":{"name":"(anonymous_4)","decl":{"start":{"line":22,"column":18},"end":{"line":22,"column":19}},"loc":{"start":{"line":22,"column":38},"end":{"line":39,"column":1}},"line":22},"5":{"name":"(anonymous_5)","decl":{"start":{"line":41,"column":18},"end":{"line":41,"column":19}},"loc":{"start":{"line":41,"column":38},"end":{"line":62,"column":1}},"line":41},"6":{"name":"(anonymous_6)","decl":{"start":{"line":64,"column":18},"end":{"line":64,"column":19}},"loc":{"start":{"line":64,"column":38},"end":{"line":78,"column":1}},"line":64}},"branchMap":{"0":{"loc":{"start":{"line":30,"column":2},"end":{"line":38,"column":3}},"type":"if","locations":[{"start":{"line":30,"column":2},"end":{"line":38,"column":3}},{"start":{"line":32,"column":9},"end":{"line":38,"column":3}}],"line":30},"1":{"loc":{"start":{"line":36,"column":8},"end":{"line":36,"column":76}},"type":"binary-expr","locations":[{"start":{"line":36,"column":8},"end":{"line":36,"column":22}},{"start":{"line":36,"column":26},"end":{"line":36,"column":76}}],"line":36},"2":{"loc":{"start":{"line":53,"column":2},"end":{"line":61,"column":3}},"type":"if","locations":[{"start":{"line":53,"column":2},"end":{"line":61,"column":3}},{"start":{"line":55,"column":9},"end":{"line":61,"column":3}}],"line":53},"3":{"loc":{"start":{"line":59,"column":8},"end":{"line":59,"column":76}},"type":"binary-expr","locations":[{"start":{"line":59,"column":8},"end":{"line":59,"column":22}},{"start":{"line":59,"column":26},"end":{"line":59,"column":76}}],"line":59},"4":{"loc":{"start":{"line":69,"column":2},"end":{"line":77,"column":3}},"type":"if","locations":[{"start":{"line":69,"column":2},"end":{"line":77,"column":3}},{"start":{"line":71,"column":9},"end":{"line":77,"column":3}}],"line":69},"5":{"loc":{"start":{"line":75,"column":8},"end":{"line":75,"column":76}},"type":"binary-expr","locations":[{"start":{"line":75,"column":8},"end":{"line":75,"column":22}},{"start":{"line":75,"column":26},"end":{"line":75,"column":76}}],"line":75}},"s":{"0":1,"1":1,"2":1,"3":0,"4":0,"5":0,"6":0,"7":0,"8":1,"9":0,"10":0,"11":0,"12":0,"13":0,"14":1,"15":0,"16":0,"17":0,"18":0,"19":0,"20":0,"21":1,"22":0,"23":0,"24":0,"25":0,"26":0,"27":0,"28":0,"29":1,"30":0,"31":0,"32":0,"33":0,"34":0,"35":0,"36":1},"f":{"0":0,"1":0,"2":0,"3":0,"4":0,"5":0,"6":0},"b":{"0":[0,0],"1":[0,0],"2":[0,0],"3":[0,0],"4":[0,0],"5":[0,0]},"_coverageSchema":"1a1c01bbd47fc00a2c39e90264f33305004495a9","hash":"03bf142c5c334f7a35b3736285f847e29db373ba"}
,"C:\\Users\\ednil\\Downloads\\Web Services\\note-capture\\note-capture\\controllers\\trash.js": {"path":"C:\\Users\\ednil\\Downloads\\Web Services\\note-capture\\note-capture\\controllers\\trash.js","statementMap":{"0":{"start":{"line":1,"column":16},"end":{"line":1,"column":40}},"1":{"start":{"line":2,"column":17},"end":{"line":2,"column":44}},"2":{"start":{"line":4,"column":21},"end":{"line":17,"column":1}},"3":{"start":{"line":5,"column":17},"end":{"line":5,"column":48}},"4":{"start":{"line":6,"column":13},"end":{"line":6,"column":34}},"5":{"start":{"line":7,"column":22},"end":{"line":10,"column":29}},"6":{"start":{"line":12,"column":2},"end":{"line":16,"column":3}},"7":{"start":{"line":13,"column":4},"end":{"line":13,"column":38}},"8":{"start":{"line":15,"column":4},"end":{"line":15,"column":80}},"9":{"start":{"line":18,"column":20},"end":{"line":26,"column":1}},"10":{"start":{"line":19,"column":19},"end":{"line":19,"column":36}},"11":{"start":{"line":20,"column":13},"end":{"line":20,"column":34}},"12":{"start":{"line":21,"column":17},"end":{"line":21,"column":69}},"13":{"start":{"line":23,"column":2},"end":{"line":25,"column":5}},"14":{"start":{"line":24,"column":4},"end":{"line":24,"column":39}},"15":{"start":{"line":28,"column":19},"end":{"line":50,"column":1}},"16":{"start":{"line":29,"column":13},"end":{"line":29,"column":34}},"17":{"start":{"line":31,"column":2},"end":{"line":49,"column":3}},"18":{"start":{"line":32,"column":22},"end":{"line":32,"column":58}},"19":{"start":{"line":34,"column":32},"end":{"line":34,"column":100}},"20":{"start":{"line":36,"column":4},"end":{"line":38,"column":5}},"21":{"start":{"line":37,"column":6},"end":{"line":37,"column":88}},"22":{"start":{"line":40,"column":39},"end":{"line":40,"column":123}},"23":{"start":{"line":42,"column":4},"end":{"line":44,"column":5}},"24":{"start":{"line":43,"column":6},"end":{"line":43,"column":163}},"25":{"start":{"line":47,"column":4},"end":{"line":47,"column":25}},"26":{"start":{"line":48,"column":4},"end":{"line":48,"column":16}},"27":{"start":{"line":51,"column":23},"end":{"line":68,"column":1}},"28":{"start":{"line":52,"column":13},"end":{"line":52,"column":34}},"29":{"start":{"line":53,"column":33},"end":{"line":56,"column":19}},"30":{"start":{"line":58,"column":2},"end":{"line":67,"column":3}},"31":{"start":{"line":59,"column":4},"end":{"line":59,"column":80}},"32":{"start":{"line":61,"column":4},"end":{"line":66,"column":8}},"33":{"start":{"line":69,"column":21},"end":{"line":105,"column":1}},"34":{"start":{"line":70,"column":17},"end":{"line":70,"column":48}},"35":{"start":{"line":71,"column":13},"end":{"line":71,"column":34}},"36":{"start":{"line":72,"column":22},"end":{"line":75,"column":29}},"37":{"start":{"line":77,"column":2},"end":{"line":80,"column":3}},"38":{"start":{"line":78,"column":4},"end":{"line":78,"column":80}},"39":{"start":{"line":79,"column":4},"end":{"line":79,"column":11}},"40":{"start":{"line":81,"column":23},"end":{"line":81,"column":59}},"41":{"start":{"line":82,"column":33},"end":{"line":85,"column":28}},"42":{"start":{"line":86,"column":34},"end":{"line":89,"column":31}},"43":{"start":{"line":91,"column":2},"end":{"line":104,"column":3}},"44":{"start":{"line":95,"column":4},"end":{"line":95,"column":76}},"45":{"start":{"line":97,"column":4},"end":{"line":103,"column":8}},"46":{"start":{"line":107,"column":26},"end":{"line":127,"column":1}},"47":{"start":{"line":108,"column":17},"end":{"line":108,"column":48}},"48":{"start":{"line":109,"column":13},"end":{"line":109,"column":34}},"49":{"start":{"line":110,"column":34},"end":{"line":113,"column":31}},"50":{"start":{"line":115,"column":2},"end":{"line":126,"column":3}},"51":{"start":{"line":116,"column":4},"end":{"line":118,"column":74}},"52":{"start":{"line":120,"column":4},"end":{"line":125,"column":8}},"53":{"start":{"line":129,"column":0},"end":{"line":136,"column":2}}},"fnMap":{"0":{"name":"(anonymous_0)","decl":{"start":{"line":4,"column":21},"end":{"line":4,"column":22}},"loc":{"start":{"line":4,"column":41},"end":{"line":17,"column":1}},"line":4},"1":{"name":"(anonymous_1)","decl":{"start":{"line":18,"column":20},"end":{"line":18,"column":21}},"loc":{"start":{"line":18,"column":40},"end":{"line":26,"column":1}},"line":18},"2":{"name":"(anonymous_2)","decl":{"start":{"line":23,"column":24},"end":{"line":23,"column":25}},"loc":{"start":{"line":23,"column":42},"end":{"line":25,"column":3}},"line":23},"3":{"name":"(anonymous_3)","decl":{"start":{"line":28,"column":19},"end":{"line":28,"column":20}},"loc":{"start":{"line":28,"column":53},"end":{"line":50,"column":1}},"line":28},"4":{"name":"(anonymous_4)","decl":{"start":{"line":51,"column":23},"end":{"line":51,"column":24}},"loc":{"start":{"line":51,"column":43},"end":{"line":68,"column":1}},"line":51},"5":{"name":"(anonymous_5)","decl":{"start":{"line":69,"column":21},"end":{"line":69,"column":22}},"loc":{"start":{"line":69,"column":41},"end":{"line":105,"column":1}},"line":69},"6":{"name":"(anonymous_6)","decl":{"start":{"line":107,"column":26},"end":{"line":107,"column":27}},"loc":{"start":{"line":107,"column":46},"end":{"line":127,"column":1}},"line":107}},"branchMap":{"0":{"loc":{"start":{"line":12,"column":2},"end":{"line":16,"column":3}},"type":"if","locations":[{"start":{"line":12,"column":2},"end":{"line":16,"column":3}},{"start":{"line":14,"column":9},"end":{"line":16,"column":3}}],"line":12},"1":{"loc":{"start":{"line":36,"column":4},"end":{"line":38,"column":5}},"type":"if","locations":[{"start":{"line":36,"column":4},"end":{"line":38,"column":5}},{"start":{},"end":{}}],"line":36},"2":{"loc":{"start":{"line":37,"column":22},"end":{"line":37,"column":86}},"type":"binary-expr","locations":[{"start":{"line":37,"column":22},"end":{"line":37,"column":47}},{"start":{"line":37,"column":51},"end":{"line":37,"column":86}}],"line":37},"3":{"loc":{"start":{"line":42,"column":4},"end":{"line":44,"column":5}},"type":"if","locations":[{"start":{"line":42,"column":4},"end":{"line":44,"column":5}},{"start":{},"end":{}}],"line":42},"4":{"loc":{"start":{"line":42,"column":8},"end":{"line":42,"column":97}},"type":"binary-expr","locations":[{"start":{"line":42,"column":8},"end":{"line":42,"column":48}},{"start":{"line":42,"column":52},"end":{"line":42,"column":97}}],"line":42},"5":{"loc":{"start":{"line":43,"column":22},"end":{"line":43,"column":161}},"type":"binary-expr","locations":[{"start":{"line":43,"column":22},"end":{"line":43,"column":54}},{"start":{"line":43,"column":58},"end":{"line":43,"column":161}}],"line":43},"6":{"loc":{"start":{"line":58,"column":2},"end":{"line":67,"column":3}},"type":"if","locations":[{"start":{"line":58,"column":2},"end":{"line":67,"column":3}},{"start":{"line":60,"column":9},"end":{"line":67,"column":3}}],"line":58},"7":{"loc":{"start":{"line":64,"column":8},"end":{"line":65,"column":85}},"type":"binary-expr","locations":[{"start":{"line":64,"column":8},"end":{"line":64,"column":36}},{"start":{"line":65,"column":10},"end":{"line":65,"column":85}}],"line":64},"8":{"loc":{"start":{"line":77,"column":2},"end":{"line":80,"column":3}},"type":"if","locations":[{"start":{"line":77,"column":2},"end":{"line":80,"column":3}},{"start":{},"end":{}}],"line":77},"9":{"loc":{"start":{"line":91,"column":2},"end":{"line":104,"column":3}},"type":"if","locations":[{"start":{"line":91,"column":2},"end":{"line":104,"column":3}},{"start":{"line":96,"column":9},"end":{"line":104,"column":3}}],"line":91},"10":{"loc":{"start":{"line":92,"column":4},"end":{"line":93,"column":44}},"type":"binary-expr","locations":[{"start":{"line":92,"column":4},"end":{"line":92,"column":39}},{"start":{"line":93,"column":4},"end":{"line":93,"column":44}}],"line":92},"11":{"loc":{"start":{"line":100,"column":8},"end":{"line":102,"column":73}},"type":"binary-expr","locations":[{"start":{"line":100,"column":8},"end":{"line":100,"column":36}},{"start":{"line":101,"column":10},"end":{"line":101,"column":39}},{"start":{"line":102,"column":10},"end":{"line":102,"column":73}}],"line":100},"12":{"loc":{"start":{"line":115,"column":2},"end":{"line":126,"column":3}},"type":"if","locations":[{"start":{"line":115,"column":2},"end":{"line":126,"column":3}},{"start":{"line":119,"column":9},"end":{"line":126,"column":3}}],"line":115},"13":{"loc":{"start":{"line":123,"column":8},"end":{"line":124,"column":84}},"type":"binary-expr","locations":[{"start":{"line":123,"column":8},"end":{"line":123,"column":37}},{"start":{"line":124,"column":10},"end":{"line":124,"column":84}}],"line":123}},"s":{"0":1,"1":1,"2":1,"3":0,"4":0,"5":0,"6":0,"7":0,"8":0,"9":1,"10":0,"11":0,"12":0,"13":0,"14":0,"15":1,"16":0,"17":0,"18":0,"19":0,"20":0,"21":0,"22":0,"23":0,"24":0,"25":0,"26":0,"27":1,"28":0,"29":0,"30":0,"31":0,"32":0,"33":1,"34":0,"35":0,"36":0,"37":0,"38":0,"39":0,"40":0,"41":0,"42":0,"43":0,"44":0,"45":0,"46":1,"47":0,"48":0,"49":0,"50":0,"51":0,"52":0,"53":1},"f":{"0":0,"1":0,"2":0,"3":0,"4":0,"5":0,"6":0},"b":{"0":[0,0],"1":[0,0],"2":[0,0],"3":[0,0],"4":[0,0],"5":[0,0],"6":[0,0],"7":[0,0],"8":[0,0],"9":[0,0],"10":[0,0],"11":[0,0,0],"12":[0,0],"13":[0,0]},"_coverageSchema":"1a1c01bbd47fc00a2c39e90264f33305004495a9","hash":"9345da8ef746aaed5c0f8c2d36e41cd87b73ba6e"}
,"C:\\Users\\ednil\\Downloads\\Web Services\\note-capture\\note-capture\\db\\connect.js": {"path":"C:\\Users\\ednil\\Downloads\\Web Services\\note-capture\\note-capture\\db\\connect.js","statementMap":{"0":{"start":{"line":2,"column":15},"end":{"line":2,"column":32}},"1":{"start":{"line":3,"column":0},"end":{"line":3,"column":16}},"2":{"start":{"line":4,"column":20},"end":{"line":4,"column":50}},"3":{"start":{"line":8,"column":15},"end":{"line":21,"column":1}},"4":{"start":{"line":9,"column":2},"end":{"line":12,"column":3}},"5":{"start":{"line":10,"column":4},"end":{"line":10,"column":46}},"6":{"start":{"line":11,"column":4},"end":{"line":11,"column":31}},"7":{"start":{"line":13,"column":2},"end":{"line":20,"column":7}},"8":{"start":{"line":15,"column":6},"end":{"line":15,"column":19}},"9":{"start":{"line":16,"column":6},"end":{"line":16,"column":26}},"10":{"start":{"line":19,"column":6},"end":{"line":19,"column":20}},"11":{"start":{"line":23,"column":14},"end":{"line":28,"column":1}},"12":{"start":{"line":24,"column":2},"end":{"line":26,"column":3}},"13":{"start":{"line":25,"column":4},"end":{"line":25,"column":38}},"14":{"start":{"line":27,"column":2},"end":{"line":27,"column":13}},"15":{"start":{"line":30,"column":0},"end":{"line":33,"column":2}}},"fnMap":{"0":{"name":"(anonymous_0)","decl":{"start":{"line":8,"column":15},"end":{"line":8,"column":16}},"loc":{"start":{"line":8,"column":29},"end":{"line":21,"column":1}},"line":8},"1":{"name":"(anonymous_1)","decl":{"start":{"line":14,"column":10},"end":{"line":14,"column":11}},"loc":{"start":{"line":14,"column":22},"end":{"line":17,"column":5}},"line":14},"2":{"name":"(anonymous_2)","decl":{"start":{"line":18,"column":11},"end":{"line":18,"column":12}},"loc":{"start":{"line":18,"column":20},"end":{"line":20,"column":5}},"line":18},"3":{"name":"(anonymous_3)","decl":{"start":{"line":23,"column":14},"end":{"line":23,"column":15}},"loc":{"start":{"line":23,"column":20},"end":{"line":28,"column":1}},"line":23}},"branchMap":{"0":{"loc":{"start":{"line":9,"column":2},"end":{"line":12,"column":3}},"type":"if","locations":[{"start":{"line":9,"column":2},"end":{"line":12,"column":3}},{"start":{},"end":{}}],"line":9},"1":{"loc":{"start":{"line":24,"column":2},"end":{"line":26,"column":3}},"type":"if","locations":[{"start":{"line":24,"column":2},"end":{"line":26,"column":3}},{"start":{},"end":{}}],"line":24}},"s":{"0":1,"1":1,"2":1,"3":1,"4":1,"5":0,"6":0,"7":1,"8":1,"9":1,"10":0,"11":1,"12":0,"13":0,"14":0,"15":1},"f":{"0":1,"1":1,"2":0,"3":0},"b":{"0":[0,1],"1":[0,0]},"_coverageSchema":"1a1c01bbd47fc00a2c39e90264f33305004495a9","hash":"18b1dede69d0863dfb63b141020195cd6540c0c4"}
,"C:\\Users\\ednil\\Downloads\\Web Services\\note-capture\\note-capture\\routes\\index.js": {"path":"C:\\Users\\ednil\\Downloads\\Web Services\\note-capture\\note-capture\\routes\\index.js","statementMap":{"0":{"start":{"line":1,"column":15},"end":{"line":1,"column":42}},"1":{"start":{"line":3,"column":0},"end":{"line":3,"column":41}},"2":{"start":{"line":4,"column":0},"end":{"line":4,"column":39}},"3":{"start":{"line":5,"column":0},"end":{"line":5,"column":41}},"4":{"start":{"line":8,"column":0},"end":{"line":8,"column":24}}},"fnMap":{},"branchMap":{},"s":{"0":1,"1":1,"2":1,"3":1,"4":1},"f":{},"b":{},"_coverageSchema":"1a1c01bbd47fc00a2c39e90264f33305004495a9","hash":"ef1e218488c183711e09319dc1fa7ec3030d9ac8"}
,"C:\\Users\\ednil\\Downloads\\Web Services\\note-capture\\note-capture\\routes\\notes.js": {"path":"C:\\Users\\ednil\\Downloads\\Web Services\\note-capture\\note-capture\\routes\\notes.js","statementMap":{"0":{"start":{"line":1,"column":16},"end":{"line":1,"column":34}},"1":{"start":{"line":2,"column":15},"end":{"line":2,"column":31}},"2":{"start":{"line":4,"column":24},"end":{"line":4,"column":55}},"3":{"start":{"line":7,"column":28},"end":{"line":17,"column":1}},"4":{"start":{"line":8,"column":2},"end":{"line":11,"column":3}},"5":{"start":{"line":9,"column":4},"end":{"line":9,"column":45}},"6":{"start":{"line":10,"column":4},"end":{"line":10,"column":18}},"7":{"start":{"line":13,"column":2},"end":{"line":16,"column":5}},"8":{"start":{"line":19,"column":0},"end":{"line":25,"column":3}},"9":{"start":{"line":27,"column":0},"end":{"line":33,"column":3}},"10":{"start":{"line":35,"column":0},"end":{"line":41,"column":3}},"11":{"start":{"line":43,"column":0},"end":{"line":49,"column":3}},"12":{"start":{"line":51,"column":0},"end":{"line":57,"column":3}},"13":{"start":{"line":59,"column":0},"end":{"line":70,"column":2}},"14":{"start":{"line":72,"column":0},"end":{"line":72,"column":24}}},"fnMap":{"0":{"name":"(anonymous_0)","decl":{"start":{"line":7,"column":28},"end":{"line":7,"column":29}},"loc":{"start":{"line":7,"column":48},"end":{"line":17,"column":1}},"line":7},"1":{"name":"(anonymous_1)","decl":{"start":{"line":19,"column":63},"end":{"line":19,"column":64}},"loc":{"start":{"line":19,"column":69},"end":{"line":25,"column":1}},"line":19},"2":{"name":"(anonymous_2)","decl":{"start":{"line":27,"column":65},"end":{"line":27,"column":66}},"loc":{"start":{"line":27,"column":71},"end":{"line":33,"column":1}},"line":27},"3":{"name":"(anonymous_3)","decl":{"start":{"line":35,"column":66},"end":{"line":35,"column":67}},"loc":{"start":{"line":35,"column":72},"end":{"line":41,"column":1}},"line":35},"4":{"name":"(anonymous_4)","decl":{"start":{"line":43,"column":68},"end":{"line":43,"column":69}},"loc":{"start":{"line":43,"column":74},"end":{"line":49,"column":1}},"line":43},"5":{"name":"(anonymous_5)","decl":{"start":{"line":51,"column":71},"end":{"line":51,"column":72}},"loc":{"start":{"line":51,"column":77},"end":{"line":57,"column":1}},"line":51},"6":{"name":"(anonymous_6)","decl":{"start":{"line":63,"column":2},"end":{"line":63,"column":3}},"loc":{"start":{"line":63,"column":8},"end":{"line":69,"column":3}},"line":63}},"branchMap":{"0":{"loc":{"start":{"line":8,"column":2},"end":{"line":11,"column":3}},"type":"if","locations":[{"start":{"line":8,"column":2},"end":{"line":11,"column":3}},{"start":{},"end":{}}],"line":8}},"s":{"0":1,"1":1,"2":1,"3":1,"4":0,"5":0,"6":0,"7":0,"8":1,"9":1,"10":1,"11":1,"12":1,"13":1,"14":1},"f":{"0":0,"1":0,"2":0,"3":0,"4":0,"5":0,"6":0},"b":{"0":[0,0]},"_coverageSchema":"1a1c01bbd47fc00a2c39e90264f33305004495a9","hash":"eb227a3e7c813da6d5fdec45d894aac2b7e1c752"}
,"C:\\Users\\ednil\\Downloads\\Web Services\\note-capture\\note-capture\\routes\\tags.js": {"path":"C:\\Users\\ednil\\Downloads\\Web Services\\note-capture\\note-capture\\routes\\tags.js","statementMap":{"0":{"start":{"line":1,"column":15},"end":{"line":1,"column":42}},"1":{"start":{"line":2,"column":23},"end":{"line":2,"column":53}},"2":{"start":{"line":3,"column":24},"end":{"line":3,"column":55}},"3":{"start":{"line":6,"column":28},"end":{"line":16,"column":1}},"4":{"start":{"line":7,"column":2},"end":{"line":10,"column":3}},"5":{"start":{"line":8,"column":4},"end":{"line":8,"column":45}},"6":{"start":{"line":9,"column":4},"end":{"line":9,"column":18}},"7":{"start":{"line":12,"column":2},"end":{"line":15,"column":5}},"8":{"start":{"line":18,"column":0},"end":{"line":29,"column":2}},"9":{"start":{"line":32,"column":0},"end":{"line":38,"column":3}},"10":{"start":{"line":40,"column":0},"end":{"line":47,"column":3}},"11":{"start":{"line":49,"column":0},"end":{"line":54,"column":3}},"12":{"start":{"line":56,"column":0},"end":{"line":61,"column":3}},"13":{"start":{"line":63,"column":0},"end":{"line":68,"column":3}},"14":{"start":{"line":70,"column":0},"end":{"line":70,"column":24}}},"fnMap":{"0":{"name":"(anonymous_0)","decl":{"start":{"line":6,"column":28},"end":{"line":6,"column":29}},"loc":{"start":{"line":6,"column":48},"end":{"line":16,"column":1}},"line":6},"1":{"name":"(anonymous_1)","decl":{"start":{"line":22,"column":2},"end":{"line":22,"column":3}},"loc":{"start":{"line":22,"column":8},"end":{"line":28,"column":3}},"line":22},"2":{"name":"(anonymous_2)","decl":{"start":{"line":32,"column":61},"end":{"line":32,"column":62}},"loc":{"start":{"line":32,"column":67},"end":{"line":38,"column":1}},"line":32},"3":{"name":"(anonymous_3)","decl":{"start":{"line":40,"column":75},"end":{"line":40,"column":76}},"loc":{"start":{"line":40,"column":81},"end":{"line":47,"column":1}},"line":40},"4":{"name":"(anonymous_4)","decl":{"start":{"line":49,"column":65},"end":{"line":49,"column":66}},"loc":{"start":{"line":49,"column":71},"end":{"line":54,"column":1}},"line":49},"5":{"name":"(anonymous_5)","decl":{"start":{"line":56,"column":70},"end":{"line":56,"column":71}},"loc":{"start":{"line":56,"column":76},"end":{"line":61,"column":1}},"line":56},"6":{"name":"(anonymous_6)","decl":{"start":{"line":63,"column":73},"end":{"line":63,"column":74}},"loc":{"start":{"line":63,"column":79},"end":{"line":68,"column":1}},"line":63}},"branchMap":{"0":{"loc":{"start":{"line":7,"column":2},"end":{"line":10,"column":3}},"type":"if","locations":[{"start":{"line":7,"column":2},"end":{"line":10,"column":3}},{"start":{},"end":{}}],"line":7}},"s":{"0":1,"1":1,"2":1,"3":1,"4":0,"5":0,"6":0,"7":0,"8":1,"9":1,"10":1,"11":1,"12":1,"13":1,"14":1},"f":{"0":0,"1":0,"2":0,"3":0,"4":0,"5":0,"6":0},"b":{"0":[0,0]},"_coverageSchema":"1a1c01bbd47fc00a2c39e90264f33305004495a9","hash":"ee6a894e1cf544813da015e6544f411ad073906c"}
,"C:\\Users\\ednil\\Downloads\\Web Services\\note-capture\\note-capture\\routes\\trash.js": {"path":"C:\\Users\\ednil\\Downloads\\Web Services\\note-capture\\note-capture\\routes\\trash.js","statementMap":{"0":{"start":{"line":1,"column":15},"end":{"line":1,"column":42}},"1":{"start":{"line":2,"column":24},"end":{"line":2,"column":55}},"2":{"start":{"line":5,"column":28},"end":{"line":15,"column":1}},"3":{"start":{"line":6,"column":2},"end":{"line":9,"column":3}},"4":{"start":{"line":7,"column":4},"end":{"line":7,"column":45}},"5":{"start":{"line":8,"column":4},"end":{"line":8,"column":18}},"6":{"start":{"line":11,"column":2},"end":{"line":14,"column":5}},"7":{"start":{"line":17,"column":0},"end":{"line":28,"column":2}},"8":{"start":{"line":30,"column":0},"end":{"line":35,"column":3}},"9":{"start":{"line":37,"column":0},"end":{"line":48,"column":2}},"10":{"start":{"line":50,"column":0},"end":{"line":61,"column":2}},"11":{"start":{"line":63,"column":0},"end":{"line":74,"column":2}},"12":{"start":{"line":76,"column":0},"end":{"line":87,"column":2}},"13":{"start":{"line":89,"column":0},"end":{"line":89,"column":24}}},"fnMap":{"0":{"name":"(anonymous_0)","decl":{"start":{"line":5,"column":28},"end":{"line":5,"column":29}},"loc":{"start":{"line":5,"column":48},"end":{"line":15,"column":1}},"line":5},"1":{"name":"(anonymous_1)","decl":{"start":{"line":21,"column":2},"end":{"line":21,"column":3}},"loc":{"start":{"line":21,"column":8},"end":{"line":27,"column":3}},"line":21},"2":{"name":"(anonymous_2)","decl":{"start":{"line":30,"column":66},"end":{"line":30,"column":67}},"loc":{"start":{"line":30,"column":72},"end":{"line":35,"column":1}},"line":30},"3":{"name":"(anonymous_3)","decl":{"start":{"line":41,"column":2},"end":{"line":41,"column":3}},"loc":{"start":{"line":41,"column":8},"end":{"line":47,"column":3}},"line":41},"4":{"name":"(anonymous_4)","decl":{"start":{"line":54,"column":2},"end":{"line":54,"column":3}},"loc":{"start":{"line":54,"column":8},"end":{"line":60,"column":3}},"line":54},"5":{"name":"(anonymous_5)","decl":{"start":{"line":67,"column":2},"end":{"line":67,"column":3}},"loc":{"start":{"line":67,"column":8},"end":{"line":73,"column":3}},"line":67},"6":{"name":"(anonymous_6)","decl":{"start":{"line":80,"column":2},"end":{"line":80,"column":3}},"loc":{"start":{"line":80,"column":8},"end":{"line":86,"column":3}},"line":80}},"branchMap":{"0":{"loc":{"start":{"line":6,"column":2},"end":{"line":9,"column":3}},"type":"if","locations":[{"start":{"line":6,"column":2},"end":{"line":9,"column":3}},{"start":{},"end":{}}],"line":6}},"s":{"0":1,"1":1,"2":1,"3":0,"4":0,"5":0,"6":0,"7":1,"8":1,"9":1,"10":1,"11":1,"12":1,"13":1},"f":{"0":0,"1":0,"2":0,"3":0,"4":0,"5":0,"6":0},"b":{"0":[0,0]},"_coverageSchema":"1a1c01bbd47fc00a2c39e90264f33305004495a9","hash":"1bf1271aa4ab6ca15dad2cb828603d6ae1e30f8b"}
}
